<?xml version="1.0" encoding="UTF-8"?>
<testsuite name="javabushka.LibraryTest" tests="1" skipped="0" failures="0" errors="0" timestamp="2023-09-07T03:34:13" hostname="Jonathans-MacBook-Pro.local" time="0.002">
  <properties/>
  <testcase name="someLibraryMethodReturnsTrue" classname="javabushka.LibraryTest" time="0.002"/>
  <system-out><![CDATA[]]></system-out>
  <system-err><![CDATA[]]></system-err>
</testsuite>
